<?xml version="1.0" encoding="UTF-8"?>
<!-- Generated by org.testng.reporters.JUnitXMLReporter -->
<testsuite hostname="Mirays-MacBook-Pro.local" ignored="4" name="Sanity Test" tests="6" failures="1" timestamp="2020-04-20T02:11:13 EDT" time="75.337" errors="0">
  <testcase name="EP_1001" time="7.675" classname="EnesFramework.HeaderTest"/>
  <testcase name="EP_1002" time="0.585" classname="EnesFramework.HeaderTest">
    <failure type="org.openqa.selenium.ElementNotInteractableException" message="element not interactable
  (Session info: chrome=79.0.3945.88)
Build info: version: &amp;apos;3.141.59&amp;apos;, revision: &amp;apos;e82be7d358&amp;apos;, time: &amp;apos;2018-11-14T08:17:03&amp;apos;
System info: host: &amp;apos;Mirays-MacBook-Pro.local&amp;apos;, ip: &amp;apos;2601:147:c300:1490:0:0:0:6%en0&amp;apos;, os.name: &amp;apos;Mac OS X&amp;apos;, os.arch: &amp;apos;x86_64&amp;apos;, os.version: &amp;apos;10.15.4&amp;apos;, java.version: &amp;apos;1.8.0_221&amp;apos;
Driver info: org.openqa.selenium.chrome.ChromeDriver
Capabilities {acceptInsecureCerts: false, browserName: chrome, browserVersion: 79.0.3945.88, chrome: {chromedriverVersion: 79.0.3945.36 (3582db32b3389..., userDataDir: /var/folders/l7/4cf13fdx0b5...}, goog:chromeOptions: {debuggerAddress: localhost:57315}, javascriptEnabled: true, networkConnectionEnabled: false, pageLoadStrategy: normal, platform: MAC, platformName: MAC, proxy: Proxy(), setWindowRect: true, strictFileInteractability: false, timeouts: {implicit: 0, pageLoad: 300000, script: 30000}, unhandledPromptBehavior: dismiss and notify}
Session ID: ec4890b219684187a3eb8b8a91f26d49">
      <![CDATA[org.openqa.selenium.ElementNotInteractableException: element not interactable
  (Session info: chrome=79.0.3945.88)
Build info: version: '3.141.59', revision: 'e82be7d358', time: '2018-11-14T08:17:03'
System info: host: 'Mirays-MacBook-Pro.local', ip: '2601:147:c300:1490:0:0:0:6%en0', os.name: 'Mac OS X', os.arch: 'x86_64', os.version: '10.15.4', java.version: '1.8.0_221'
Driver info: org.openqa.selenium.chrome.ChromeDriver
Capabilities {acceptInsecureCerts: false, browserName: chrome, browserVersion: 79.0.3945.88, chrome: {chromedriverVersion: 79.0.3945.36 (3582db32b3389..., userDataDir: /var/folders/l7/4cf13fdx0b5...}, goog:chromeOptions: {debuggerAddress: localhost:57315}, javascriptEnabled: true, networkConnectionEnabled: false, pageLoadStrategy: normal, platform: MAC, platformName: MAC, proxy: Proxy(), setWindowRect: true, strictFileInteractability: false, timeouts: {implicit: 0, pageLoad: 300000, script: 30000}, unhandledPromptBehavior: dismiss and notify}
Session ID: ec4890b219684187a3eb8b8a91f26d49
at org.openqa.selenium.remote.http.W3CHttpResponseCodec.createException(W3CHttpResponseCodec.java:187)
at org.openqa.selenium.remote.http.W3CHttpResponseCodec.decode(W3CHttpResponseCodec.java:122)
at org.openqa.selenium.remote.http.W3CHttpResponseCodec.decode(W3CHttpResponseCodec.java:49)
at org.openqa.selenium.remote.HttpCommandExecutor.execute(HttpCommandExecutor.java:158)
at org.openqa.selenium.remote.service.DriverCommandExecutor.execute(DriverCommandExecutor.java:83)
at org.openqa.selenium.remote.RemoteWebDriver.execute(RemoteWebDriver.java:552)
at org.openqa.selenium.remote.RemoteWebElement.execute(RemoteWebElement.java:285)
at org.openqa.selenium.remote.RemoteWebElement.click(RemoteWebElement.java:84)
at utilityLibrary.Utility.click(Utility.java:52)
at EnesFramework.HeaderTest.EP_1002(HeaderTest.java:25)
at java.util.ArrayList.forEach(ArrayList.java:1257)
at com.intellij.rt.testng.IDEARemoteTestNG.run(IDEARemoteTestNG.java:66)
at com.intellij.rt.testng.RemoteTestNGStarter.main(RemoteTestNGStarter.java:110)
... Removed 28 stack frames]]>
    </failure>
  </testcase> <!-- EP_1002 -->
  <testcase name="EP_1004" time="13.011" classname="EnesFramework.HeaderTest"/>
  <testcase name="EP_1005" time="10.244" classname="EnesFramework.HeaderTest"/>
  <testcase name="SIT_1000" time="2.001" classname="EnesFramework.SignInTest"/>
  <testcase name="SIT_1001" time="2.001" classname="EnesFramework.SignInTest"/>
  <testcase name="ST_1001" time="0.0" classname="EnesFramework.SearchTest">
    <ignored/>
  </testcase> <!-- ST_1001 -->
  <testcase name="EP_1006" time="0.0" classname="EnesFramework.HeaderTest">
    <ignored/>
  </testcase> <!-- EP_1006 -->
  <testcase name="EP_1003" time="0.0" classname="EnesFramework.HeaderTest">
    <ignored/>
  </testcase> <!-- EP_1003 -->
  <testcase name="ST_1000" time="0.0" classname="EnesFramework.SearchTest">
    <ignored/>
  </testcase> <!-- ST_1000 -->
</testsuite> <!-- Sanity Test -->
